# JRE version: Java(TM) SE Runtime Environment (7.0_51-b13) (build 1.7.0_51-b13)
# Java VM: Java HotSpot(TM) 64-Bit Server VM (24.51-b03 mixed mode linux-amd64 compressed oops)
Heap
 PSYoungGen      total 221184K, used 0K [0x00000000f0000000, 0x0000000100000000, 0x0000000100000000)
  eden space 180224K, 0% used [0x00000000f0000000,0x00000000f0000000,0x00000000fb000000)
  from space 40960K, 0% used [0x00000000fb000000,0x00000000fb000000,0x00000000fd800000)
  to   space 40960K, 0% used [0x00000000fd800000,0x00000000fd800000,0x0000000100000000)
 ParOldGen       total 75264K, used 59506K [0x00000000d0000000, 0x00000000d4980000, 0x00000000f0000000)
  object space 75264K, 79% used [0x00000000d0000000,0x00000000d3a1c890,0x00000000d4980000)
 PSPermGen       total 50688K, used 37538K [0x00000000c0000000, 0x00000000c3180000, 0x00000000d0000000)
  object space 50688K, 74% used [0x00000000c0000000,0x00000000c24a8ae0,0x00000000c3180000)
GC Heap History (10 events):
Event: 57,725 GC heap after
Heap after GC invocations=21 (full 2):
 PSYoungGen      total 235520K, used 17304K [0x00000000f0000000, 0x0000000100000000, 0x0000000100000000)
  eden space 218112K, 0% used [0x00000000f0000000,0x00000000f0000000,0x00000000fd500000)
  from space 17408K, 99% used [0x00000000fd500000,0x00000000fe5e61b8,0x00000000fe600000)
  to   space 24064K, 0% used [0x00000000fe880000,0x00000000fe880000,0x0000000100000000)
 ParOldGen       total 75264K, used 29957K [0x00000000d0000000, 0x00000000d4980000, 0x00000000f0000000)
  object space 75264K, 39% used [0x00000000d0000000,0x00000000d1d41510,0x00000000d4980000)
 PSPermGen       total 50688K, used 31987K [0x00000000c0000000, 0x00000000c3180000, 0x00000000d0000000)
  object space 50688K, 63% used [0x00000000c0000000,0x00000000c1f3cd40,0x00000000c3180000)
}
Event: 59,692 GC heap before
{Heap before GC invocations=22 (full 2):
 PSYoungGen      total 235520K, used 235416K [0x00000000f0000000, 0x0000000100000000, 0x0000000100000000)
  eden space 218112K, 100% used [0x00000000f0000000,0x00000000fd500000,0x00000000fd500000)
  from space 17408K, 99% used [0x00000000fd500000,0x00000000fe5e61b8,0x00000000fe600000)
  to   space 24064K, 0% used [0x00000000fe880000,0x00000000fe880000,0x0000000100000000)
 ParOldGen       total 75264K, used 29957K [0x00000000d0000000, 0x00000000d4980000, 0x00000000f0000000)
  object space 75264K, 39% used [0x00000000d0000000,0x00000000d1d41510,0x00000000d4980000)
 PSPermGen       total 50688K, used 32694K [0x00000000c0000000, 0x00000000c3180000, 0x00000000d0000000)
  object space 50688K, 64% used [0x00000000c0000000,0x00000000c1fed9f0,0x00000000c3180000)
Event: 59,715 GC heap after
Heap after GC invocations=22 (full 2):
 PSYoungGen      total 235008K, used 18600K [0x00000000f0000000, 0x0000000100000000, 0x0000000100000000)
  eden space 210944K, 0% used [0x00000000f0000000,0x00000000f0000000,0x00000000fce00000)
  from space 24064K, 77% used [0x00000000fe880000,0x00000000ffaaa098,0x0000000100000000)
  to   space 25600K, 0% used [0x00000000fce00000,0x00000000fce00000,0x00000000fe700000)
 ParOldGen       total 75264K, used 29957K [0x00000000d0000000, 0x00000000d4980000, 0x00000000f0000000)
  object space 75264K, 39% used [0x00000000d0000000,0x00000000d1d41510,0x00000000d4980000)
 PSPermGen       total 50688K, used 32694K [0x00000000c0000000, 0x00000000c3180000, 0x00000000d0000000)
  object space 50688K, 64% used [0x00000000c0000000,0x00000000c1fed9f0,0x00000000c3180000)
}
Event: 83,032 GC heap before
{Heap before GC invocations=23 (full 2):
 PSYoungGen      total 235008K, used 229544K [0x00000000f0000000, 0x0000000100000000, 0x0000000100000000)
  eden space 210944K, 100% used [0x00000000f0000000,0x00000000fce00000,0x00000000fce00000)
  from space 24064K, 77% used [0x00000000fe880000,0x00000000ffaaa098,0x0000000100000000)
  to   space 25600K, 0% used [0x00000000fce00000,0x00000000fce00000,0x00000000fe700000)
 ParOldGen       total 75264K, used 29957K [0x00000000d0000000, 0x00000000d4980000, 0x00000000f0000000)
  object space 75264K, 39% used [0x00000000d0000000,0x00000000d1d41510,0x00000000d4980000)
 PSPermGen       total 50688K, used 36048K [0x00000000c0000000, 0x00000000c3180000, 0x00000000d0000000)
  object space 50688K, 71% used [0x00000000c0000000,0x00000000c23343c8,0x00000000c3180000)
Event: 83,078 GC heap after
Heap after GC invocations=23 (full 2):
 PSYoungGen      total 236544K, used 25574K [0x00000000f0000000, 0x0000000100000000, 0x0000000100000000)
  eden space 210944K, 0% used [0x00000000f0000000,0x00000000f0000000,0x00000000fce00000)
  from space 25600K, 99% used [0x00000000fce00000,0x00000000fe6f9958,0x00000000fe700000)
  to   space 25600K, 0% used [0x00000000fe700000,0x00000000fe700000,0x0000000100000000)
 ParOldGen       total 75264K, used 47494K [0x00000000d0000000, 0x00000000d4980000, 0x00000000f0000000)
  object space 75264K, 63% used [0x00000000d0000000,0x00000000d2e618e0,0x00000000d4980000)
 PSPermGen       total 50688K, used 36048K [0x00000000c0000000, 0x00000000c3180000, 0x00000000d0000000)
  object space 50688K, 71% used [0x00000000c0000000,0x00000000c23343c8,0x00000000c3180000)
}
Event: 97,666 GC heap before
{Heap before GC invocations=24 (full 2):
 PSYoungGen      total 236544K, used 236518K [0x00000000f0000000, 0x0000000100000000, 0x0000000100000000)
  eden space 210944K, 100% used [0x00000000f0000000,0x00000000fce00000,0x00000000fce00000)
  from space 25600K, 99% used [0x00000000fce00000,0x00000000fe6f9958,0x00000000fe700000)
  to   space 25600K, 0% used [0x00000000fe700000,0x00000000fe700000,0x0000000100000000)
 ParOldGen       total 75264K, used 47494K [0x00000000d0000000, 0x00000000d4980000, 0x00000000f0000000)
  object space 75264K, 63% used [0x00000000d0000000,0x00000000d2e618e0,0x00000000d4980000)
 PSPermGen       total 50688K, used 36946K [0x00000000c0000000, 0x00000000c3180000, 0x00000000d0000000)
  object space 50688K, 72% used [0x00000000c0000000,0x00000000c24148c0,0x00000000c3180000)
Event: 98,653 GC heap after
Heap after GC invocations=24 (full 2):
 PSYoungGen      total 205824K, used 25590K [0x00000000f0000000, 0x0000000100000000, 0x0000000100000000)
  eden space 180224K, 0% used [0x00000000f0000000,0x00000000f0000000,0x00000000fb000000)
  from space 25600K, 99% used [0x00000000fe700000,0x00000000ffffdb00,0x0000000100000000)
  to   space 40960K, 0% used [0x00000000fb000000,0x00000000fb000000,0x00000000fd800000)
 ParOldGen       total 75264K, used 55807K [0x00000000d0000000, 0x00000000d4980000, 0x00000000f0000000)
  object space 75264K, 74% used [0x00000000d0000000,0x00000000d367fef8,0x00000000d4980000)
 PSPermGen       total 50688K, used 36946K [0x00000000c0000000, 0x00000000c3180000, 0x00000000d0000000)
  object space 50688K, 72% used [0x00000000c0000000,0x00000000c24148c0,0x00000000c3180000)
}
Event: 138,206 GC heap before
{Heap before GC invocations=25 (full 2):
 PSYoungGen      total 205824K, used 199704K [0x00000000f0000000, 0x0000000100000000, 0x0000000100000000)
  eden space 180224K, 96% used [0x00000000f0000000,0x00000000faa08548,0x00000000fb000000)
  from space 25600K, 99% used [0x00000000fe700000,0x00000000ffffdb00,0x0000000100000000)
  to   space 40960K, 0% used [0x00000000fb000000,0x00000000fb000000,0x00000000fd800000)
 ParOldGen       total 75264K, used 55807K [0x00000000d0000000, 0x00000000d4980000, 0x00000000f0000000)
  object space 75264K, 74% used [0x00000000d0000000,0x00000000d367fef8,0x00000000d4980000)
 PSPermGen       total 50688K, used 37547K [0x00000000c0000000, 0x00000000c3180000, 0x00000000d0000000)
  object space 50688K, 74% used [0x00000000c0000000,0x00000000c24aafa8,0x00000000c3180000)
Event: 143,103 GC heap after
Heap after GC invocations=25 (full 2):
 PSYoungGen      total 221184K, used 21684K [0x00000000f0000000, 0x0000000100000000, 0x0000000100000000)
  eden space 180224K, 0% used [0x00000000f0000000,0x00000000f0000000,0x00000000fb000000)
  from space 40960K, 52% used [0x00000000fb000000,0x00000000fc52d070,0x00000000fd800000)
  to   space 40960K, 0% used [0x00000000fd800000,0x00000000fd800000,0x0000000100000000)
 ParOldGen       total 75264K, used 63067K [0x00000000d0000000, 0x00000000d4980000, 0x00000000f0000000)
  object space 75264K, 83% used [0x00000000d0000000,0x00000000d3d96dd8,0x00000000d4980000)
 PSPermGen       total 50688K, used 37547K [0x00000000c0000000, 0x00000000c3180000, 0x00000000d0000000)
  object space 50688K, 74% used [0x00000000c0000000,0x00000000c24aafa8,0x00000000c3180000)
}
Event: 144,160 GC heap before
{Heap before GC invocations=26 (full 3):
 PSYoungGen      total 221184K, used 21684K [0x00000000f0000000, 0x0000000100000000, 0x0000000100000000)
  eden space 180224K, 0% used [0x00000000f0000000,0x00000000f0000000,0x00000000fb000000)
  from space 40960K, 52% used [0x00000000fb000000,0x00000000fc52d070,0x00000000fd800000)
  to   space 40960K, 0% used [0x00000000fd800000,0x00000000fd800000,0x0000000100000000)
 ParOldGen       total 75264K, used 63067K [0x00000000d0000000, 0x00000000d4980000, 0x00000000f0000000)
  object space 75264K, 83% used [0x00000000d0000000,0x00000000d3d96dd8,0x00000000d4980000)
 PSPermGen       total 50688K, used 37547K [0x00000000c0000000, 0x00000000c3180000, 0x00000000d0000000)
  object space 50688K, 74% used [0x00000000c0000000,0x00000000c24aafa8,0x00000000c3180000)

