# JRE version: Java(TM) SE Runtime Environment (7.0_51-b13) (build 1.7.0_51-b13)
# Java VM: Java HotSpot(TM) 64-Bit Server VM (24.51-b03 mixed mode linux-amd64 compressed oops)
Heap
 PSYoungGen      total 193024K, used 17948K [0x00000000f0000000, 0x00000000fe600000, 0x0000000100000000)
  eden space 172544K, 0% used [0x00000000f0000000,0x00000000f0000000,0x00000000fa880000)
  from space 20480K, 87% used [0x00000000fd200000,0x00000000fe3871d8,0x00000000fe600000)
  to   space 16384K, 0% used [0x00000000fa880000,0x00000000fa880000,0x00000000fb880000)
 ParOldGen       total 97280K, used 35447K [0x00000000d0000000, 0x00000000d5f00000, 0x00000000f0000000)
  object space 97280K, 36% used [0x00000000d0000000,0x00000000d229df48,0x00000000d5f00000)
 PSPermGen       total 37376K, used 37306K [0x00000000c0000000, 0x00000000c2480000, 0x00000000d0000000)
  object space 37376K, 99% used [0x00000000c0000000,0x00000000c246ebf8,0x00000000c2480000)
GC Heap History (10 events):
Event: 16,219 GC heap after
Heap after GC invocations=24 (full 3):
 PSYoungGen      total 139264K, used 7671K [0x00000000f0000000, 0x00000000fa800000, 0x0000000100000000)
  eden space 131584K, 0% used [0x00000000f0000000,0x00000000f0000000,0x00000000f8080000)
  from space 7680K, 99% used [0x00000000f8080000,0x00000000f87fde50,0x00000000f8800000)
  to   space 9728K, 0% used [0x00000000f9e80000,0x00000000f9e80000,0x00000000fa800000)
 ParOldGen       total 97280K, used 18662K [0x00000000d0000000, 0x00000000d5f00000, 0x00000000f0000000)
  object space 97280K, 19% used [0x00000000d0000000,0x00000000d12398b8,0x00000000d5f00000)
 PSPermGen       total 30720K, used 30510K [0x00000000c0000000, 0x00000000c1e00000, 0x00000000d0000000)
  object space 30720K, 99% used [0x00000000c0000000,0x00000000c1dcbac8,0x00000000c1e00000)
}
Event: 16,974 GC heap before
{Heap before GC invocations=25 (full 3):
 PSYoungGen      total 139264K, used 139255K [0x00000000f0000000, 0x00000000fa800000, 0x0000000100000000)
  eden space 131584K, 100% used [0x00000000f0000000,0x00000000f8080000,0x00000000f8080000)
  from space 7680K, 99% used [0x00000000f8080000,0x00000000f87fde50,0x00000000f8800000)
  to   space 9728K, 0% used [0x00000000f9e80000,0x00000000f9e80000,0x00000000fa800000)
 ParOldGen       total 97280K, used 18662K [0x00000000d0000000, 0x00000000d5f00000, 0x00000000f0000000)
  object space 97280K, 19% used [0x00000000d0000000,0x00000000d12398b8,0x00000000d5f00000)
 PSPermGen       total 31744K, used 31465K [0x00000000c0000000, 0x00000000c1f00000, 0x00000000d0000000)
  object space 31744K, 99% used [0x00000000c0000000,0x00000000c1eba520,0x00000000c1f00000)
Event: 16,992 GC heap after
Heap after GC invocations=25 (full 3):
 PSYoungGen      total 161280K, used 9500K [0x00000000f0000000, 0x00000000fa980000, 0x0000000100000000)
  eden space 151552K, 0% used [0x00000000f0000000,0x00000000f0000000,0x00000000f9400000)
  from space 9728K, 97% used [0x00000000f9e80000,0x00000000fa7c70a8,0x00000000fa800000)
  to   space 10752K, 0% used [0x00000000f9400000,0x00000000f9400000,0x00000000f9e80000)
 ParOldGen       total 97280K, used 19454K [0x00000000d0000000, 0x00000000d5f00000, 0x00000000f0000000)
  object space 97280K, 19% used [0x00000000d0000000,0x00000000d12ff8d8,0x00000000d5f00000)
 PSPermGen       total 31744K, used 31465K [0x00000000c0000000, 0x00000000c1f00000, 0x00000000d0000000)
  object space 31744K, 99% used [0x00000000c0000000,0x00000000c1eba520,0x00000000c1f00000)
}
Event: 18,490 GC heap before
{Heap before GC invocations=26 (full 3):
 PSYoungGen      total 161280K, used 151624K [0x00000000f0000000, 0x00000000fa980000, 0x0000000100000000)
  eden space 151552K, 93% used [0x00000000f0000000,0x00000000f8acb0d8,0x00000000f9400000)
  from space 9728K, 97% used [0x00000000f9e80000,0x00000000fa7c70a8,0x00000000fa800000)
  to   space 10752K, 0% used [0x00000000f9400000,0x00000000f9400000,0x00000000f9e80000)
 ParOldGen       total 97280K, used 19454K [0x00000000d0000000, 0x00000000d5f00000, 0x00000000f0000000)
  object space 97280K, 19% used [0x00000000d0000000,0x00000000d12ff8d8,0x00000000d5f00000)
 PSPermGen       total 32768K, used 32498K [0x00000000c0000000, 0x00000000c2000000, 0x00000000d0000000)
  object space 32768K, 99% used [0x00000000c0000000,0x00000000c1fbcb60,0x00000000c2000000)
Event: 18,544 GC heap after
Heap after GC invocations=26 (full 3):
 PSYoungGen      total 162304K, used 10725K [0x00000000f0000000, 0x00000000fc500000, 0x0000000100000000)
  eden space 151552K, 0% used [0x00000000f0000000,0x00000000f0000000,0x00000000f9400000)
  from space 10752K, 99% used [0x00000000f9400000,0x00000000f9e797c8,0x00000000f9e80000)
  to   space 12800K, 0% used [0x00000000fb880000,0x00000000fb880000,0x00000000fc500000)
 ParOldGen       total 97280K, used 21568K [0x00000000d0000000, 0x00000000d5f00000, 0x00000000f0000000)
  object space 97280K, 22% used [0x00000000d0000000,0x00000000d1510280,0x00000000d5f00000)
 PSPermGen       total 32768K, used 32498K [0x00000000c0000000, 0x00000000c2000000, 0x00000000d0000000)
  object space 32768K, 99% used [0x00000000c0000000,0x00000000c1fbcb60,0x00000000c2000000)
}
Event: 20,281 GC heap before
{Heap before GC invocations=27 (full 3):
 PSYoungGen      total 162304K, used 155593K [0x00000000f0000000, 0x00000000fc500000, 0x0000000100000000)
  eden space 151552K, 95% used [0x00000000f0000000,0x00000000f8d78fd0,0x00000000f9400000)
  from space 10752K, 99% used [0x00000000f9400000,0x00000000f9e797c8,0x00000000f9e80000)
  to   space 12800K, 0% used [0x00000000fb880000,0x00000000fb880000,0x00000000fc500000)
 ParOldGen       total 97280K, used 21568K [0x00000000d0000000, 0x00000000d5f00000, 0x00000000f0000000)
  object space 97280K, 22% used [0x00000000d0000000,0x00000000d1510280,0x00000000d5f00000)
 PSPermGen       total 34816K, used 34553K [0x00000000c0000000, 0x00000000c2200000, 0x00000000d0000000)
  object space 34816K, 99% used [0x00000000c0000000,0x00000000c21be558,0x00000000c2200000)
Event: 20,349 GC heap after
Heap after GC invocations=27 (full 3):
 PSYoungGen      total 185344K, used 12784K [0x00000000f0000000, 0x00000000fcd80000, 0x0000000100000000)
  eden space 172544K, 0% used [0x00000000f0000000,0x00000000f0000000,0x00000000fa880000)
  from space 12800K, 99% used [0x00000000fb880000,0x00000000fc4fc180,0x00000000fc500000)
  to   space 16384K, 0% used [0x00000000fa880000,0x00000000fa880000,0x00000000fb880000)
 ParOldGen       total 97280K, used 25364K [0x00000000d0000000, 0x00000000d5f00000, 0x00000000f0000000)
  object space 97280K, 26% used [0x00000000d0000000,0x00000000d18c50c0,0x00000000d5f00000)
 PSPermGen       total 34816K, used 34553K [0x00000000c0000000, 0x00000000c2200000, 0x00000000d0000000)
  object space 34816K, 99% used [0x00000000c0000000,0x00000000c21be558,0x00000000c2200000)
}
Event: 23,015 GC heap before
{Heap before GC invocations=28 (full 3):
 PSYoungGen      total 185344K, used 185328K [0x00000000f0000000, 0x00000000fcd80000, 0x0000000100000000)
  eden space 172544K, 100% used [0x00000000f0000000,0x00000000fa880000,0x00000000fa880000)
  from space 12800K, 99% used [0x00000000fb880000,0x00000000fc4fc180,0x00000000fc500000)
  to   space 16384K, 0% used [0x00000000fa880000,0x00000000fa880000,0x00000000fb880000)
 ParOldGen       total 97280K, used 25364K [0x00000000d0000000, 0x00000000d5f00000, 0x00000000f0000000)
  object space 97280K, 26% used [0x00000000d0000000,0x00000000d18c50c0,0x00000000d5f00000)
 PSPermGen       total 36352K, used 36250K [0x00000000c0000000, 0x00000000c2380000, 0x00000000d0000000)
  object space 36352K, 99% used [0x00000000c0000000,0x00000000c2366af8,0x00000000c2380000)
Event: 23,097 GC heap after
Heap after GC invocations=28 (full 3):
 PSYoungGen      total 188928K, used 16364K [0x00000000f0000000, 0x00000000fe600000, 0x0000000100000000)
  eden space 172544K, 0% used [0x00000000f0000000,0x00000000f0000000,0x00000000fa880000)
  from space 16384K, 99% used [0x00000000fa880000,0x00000000fb87b238,0x00000000fb880000)
  to   space 20480K, 0% used [0x00000000fd200000,0x00000000fd200000,0x00000000fe600000)
 ParOldGen       total 97280K, used 30140K [0x00000000d0000000, 0x00000000d5f00000, 0x00000000f0000000)
  object space 97280K, 30% used [0x00000000d0000000,0x00000000d1d6f118,0x00000000d5f00000)
 PSPermGen       total 36352K, used 36250K [0x00000000c0000000, 0x00000000c2380000, 0x00000000d0000000)
  object space 36352K, 99% used [0x00000000c0000000,0x00000000c2366af8,0x00000000c2380000)
}
Event: 28,005 GC heap before
{Heap before GC invocations=29 (full 3):
 PSYoungGen      total 188928K, used 188908K [0x00000000f0000000, 0x00000000fe600000, 0x0000000100000000)
  eden space 172544K, 100% used [0x00000000f0000000,0x00000000fa880000,0x00000000fa880000)
  from space 16384K, 99% used [0x00000000fa880000,0x00000000fb87b238,0x00000000fb880000)
  to   space 20480K, 0% used [0x00000000fd200000,0x00000000fd200000,0x00000000fe600000)
 ParOldGen       total 97280K, used 30140K [0x00000000d0000000, 0x00000000d5f00000, 0x00000000f0000000)
  object space 97280K, 30% used [0x00000000d0000000,0x00000000d1d6f118,0x00000000d5f00000)
 PSPermGen       total 37376K, used 37306K [0x00000000c0000000, 0x00000000c2480000, 0x00000000d0000000)
  object space 37376K, 99% used [0x00000000c0000000,0x00000000c246ebf8,0x00000000c2480000)

